<?xml version="1.0" encoding="UTF-8"?>
<!-- Generated by org.testng.reporters.JUnitReportReporter -->
<testsuite hostname="LTIN318920" failures="0" tests="1" name="com.TCs.TC001" time="16.994" errors="0" timestamp="2022-05-05T17:47:30 IST" skipped="0">
  <testcase classname="com.TCs.TC001" name="verifyTitle" time="16.994"/>
  <system-out/>
</testsuite> <!-- com.TCs.TC001 -->
