<?xml version="1.0" encoding="UTF-8"?>
<!-- Generated by org.testng.reporters.JUnitReportReporter -->
<testsuite hostname="LTIN318920" failures="0" tests="3" name="com.Utilities.TestDP" time="0.010" errors="0" timestamp="2022-04-26T18:55:49 IST" skipped="0">
  <testcase classname="com.Utilities.TestDP" name="myDAta" time="0.001"/>
  <system-out/>
  <testcase classname="com.Utilities.TestDP" name="myDAta" time="0.001"/>
  <system-out/>
  <testcase classname="com.Utilities.TestDP" name="myDAta" time="0.008"/>
  <system-out/>
</testsuite> <!-- com.Utilities.TestDP -->
