<?xml version="1.0" encoding="UTF-8"?>
<!-- Generated by org.testng.reporters.JUnitReportReporter -->
<testsuite hostname="LTIN318920" failures="0" tests="1" name="com.TCs.TC004" time="8.545" errors="0" timestamp="2022-05-18T18:11:06 IST" skipped="0">
  <testcase classname="com.TCs.TC004" name="verifyCheckBox" time="8.545"/>
  <system-out/>
</testsuite> <!-- com.TCs.TC004 -->
