<?xml version="1.0" encoding="UTF-8"?>
<!-- Generated by org.testng.reporters.JUnitReportReporter -->
<testsuite hostname="LTIN318920" failures="0" tests="1" name="com.TCs.TC004" time="16.261" errors="0" timestamp="2022-05-17T20:07:55 IST" skipped="0">
  <testcase classname="com.TCs.TC004" name="verifyCheckBox" time="16.261"/>
  <system-out/>
</testsuite> <!-- com.TCs.TC004 -->
