<?xml version="1.0" encoding="UTF-8"?>
<!-- Generated by org.testng.reporters.JUnitReportReporter -->
<testsuite hostname="LTIN318920" failures="0" tests="1" name="com.TCs.TC004" time="44.031" errors="0" timestamp="2022-05-12T20:22:15 IST" skipped="0">
  <testcase classname="com.TCs.TC004" name="verifyCheckBox" time="44.031"/>
  <system-out/>
</testsuite> <!-- com.TCs.TC004 -->
