<?xml version="1.0" encoding="UTF-8"?>
<!-- Generated by org.testng.reporters.JUnitReportReporter -->
<testsuite hostname="LTIN318920" failures="0" tests="4" name="com.TCs.TC005" time="2.891" errors="0" timestamp="2022-05-27T17:43:29 IST" skipped="3">
  <testcase classname="com.TCs.TC005" name="verifyNestedFrames" time="2.891"/>
  <system-out/>
  <testcase classname="com.TCs.TC005" name="verifyFrames">
    <skipped/>
  </testcase> <!-- verifyFrames -->
  <system-out/>
  <testcase classname="com.TCs.TC005" name="verifyBrowserWindows">
    <skipped/>
  </testcase> <!-- verifyBrowserWindows -->
  <system-out/>
  <testcase classname="com.TCs.TC005" name="verifyAlerts">
    <skipped/>
  </testcase> <!-- verifyAlerts -->
  <system-out/>
</testsuite> <!-- com.TCs.TC005 -->
