<?xml version="1.0" encoding="UTF-8"?>
<!-- Generated by org.testng.reporters.JUnitReportReporter -->
<testsuite hostname="LTIN318920" failures="0" tests="1" name="com.TCs.SixTest" time="6.096" errors="0" timestamp="2022-05-31T21:57:36 IST" skipped="0">
  <testcase classname="com.TCs.SixTest" name="verifyAutoComplete" time="6.096"/>
  <system-out/>
</testsuite> <!-- com.TCs.SixTest -->
