<?xml version="1.0" encoding="UTF-8"?>
<!-- Generated by org.testng.reporters.JUnitReportReporter -->
<testsuite hostname="LTIN318920" failures="0" tests="1" name="com.TCs.MIM" time="0.016" errors="0" timestamp="2022-05-06T18:20:52 IST" skipped="0">
  <testcase classname="com.TCs.MIM" name="manipulate" time="0.016"/>
  <system-out/>
</testsuite> <!-- com.TCs.MIM -->
