<?xml version="1.0" encoding="UTF-8"?>
<!-- Generated by org.testng.reporters.JUnitReportReporter -->
<testsuite hostname="LTIN318920" failures="0" tests="6" name="com.TCs.TC003" time="28.626" errors="0" timestamp="2022-05-06T19:36:58 IST" skipped="0">
  <testcase classname="com.TCs.TC003" name="verifyRadioBtns" time="6.409"/>
  <system-out/>
  <testcase classname="com.TCs.TC003" name="verifyLinks" time="5.115"/>
  <system-out/>
  <testcase classname="com.TCs.TC003" name="verifyButtons" time="1.990"/>
  <system-out/>
  <testcase classname="com.TCs.TC003" name="verifytable" time="8.168"/>
  <system-out/>
  <testcase classname="com.TCs.TC003" name="AddDataInTable" time="3.799"/>
  <system-out/>
  <testcase classname="com.TCs.TC003" name="AddDataInTable" time="3.145"/>
  <system-out/>
</testsuite> <!-- com.TCs.TC003 -->
