<?xml version="1.0" encoding="UTF-8"?>
<!-- Generated by org.testng.reporters.JUnitReportReporter -->
<testsuite hostname="LTIN318920" failures="0" tests="1" name="com.TCs.TC005" time="7.019" errors="0" timestamp="2022-05-20T19:14:00 IST" skipped="0">
  <testcase classname="com.TCs.TC005" name="verifyBrowserWindows" time="7.019"/>
  <system-out/>
</testsuite> <!-- com.TCs.TC005 -->
