<?xml version="1.0" encoding="UTF-8"?>
<!-- Generated by org.testng.reporters.JUnitReportReporter -->
<testsuite hostname="LTIN318920" failures="0" tests="1" name="com.TCs.Training" time="9.667" errors="0" timestamp="2022-05-30T17:37:41 IST" skipped="0">
  <testcase classname="com.TCs.Training" name="testT" time="9.667"/>
  <system-out/>
</testsuite> <!-- com.TCs.Training -->
