<?xml version="1.0" encoding="UTF-8"?>
<!-- Generated by org.testng.reporters.JUnitReportReporter -->
<testsuite hostname="LTIN318920" failures="0" tests="1" name="com.TCs.TC001" time="20.188" errors="0" timestamp="2022-04-21T16:46:58 IST" skipped="0">
  <testcase classname="com.TCs.TC001" name="verifyTitle" time="20.188"/>
  <system-out/>
</testsuite> <!-- com.TCs.TC001 -->
