<?xml version="1.0" encoding="UTF-8"?>
<!-- Generated by org.testng.reporters.JUnitReportReporter -->
<testsuite hostname="LTIN318920" failures="0" tests="6" name="com.TCs.TC003" time="13.780" errors="0" timestamp="2022-05-10T19:30:57 IST" skipped="3">
  <testcase classname="com.TCs.TC003" name="verifytable" time="8.034"/>
  <system-out/>
  <testcase classname="com.TCs.TC003" name="AddDataInTable" time="3.178"/>
  <system-out/>
  <testcase classname="com.TCs.TC003" name="AddDataInTable" time="2.568"/>
  <system-out/>
  <testcase classname="com.TCs.TC003" name="verifyButtons">
    <skipped/>
  </testcase> <!-- verifyButtons -->
  <system-out/>
  <testcase classname="com.TCs.TC003" name="verifyRadioBtns">
    <skipped/>
  </testcase> <!-- verifyRadioBtns -->
  <system-out/>
  <testcase classname="com.TCs.TC003" name="verifyLinks">
    <skipped/>
  </testcase> <!-- verifyLinks -->
  <system-out/>
</testsuite> <!-- com.TCs.TC003 -->
