<?xml version="1.0" encoding="UTF-8"?>
<!-- Generated by org.testng.reporters.JUnitReportReporter -->
<testsuite hostname="LTIN318920" failures="0" tests="3" name="com.TCs.TC003" time="32.158" errors="0" timestamp="2022-05-02T18:39:31 IST" skipped="0">
  <testcase classname="com.TCs.TC003" name="verifyRadioBtns" time="22.705"/>
  <system-out/>
  <testcase classname="com.TCs.TC003" name="verifyLinks" time="6.027"/>
  <system-out/>
  <testcase classname="com.TCs.TC003" name="verifyButtons" time="3.426"/>
  <system-out/>
</testsuite> <!-- com.TCs.TC003 -->
