<?xml version="1.0" encoding="UTF-8"?>
<!-- Generated by org.testng.reporters.JUnitReportReporter -->
<testsuite hostname="LTIN318920" failures="0" tests="4" name="com.TCs.TC003" time="29.293" errors="0" timestamp="2022-05-05T18:19:07 IST" skipped="0">
  <testcase classname="com.TCs.TC003" name="verifyRadioBtns" time="12.203"/>
  <system-out/>
  <testcase classname="com.TCs.TC003" name="verifyLinks" time="4.577"/>
  <system-out/>
  <testcase classname="com.TCs.TC003" name="verifyButtons" time="2.671"/>
  <system-out/>
  <testcase classname="com.TCs.TC003" name="verifytable" time="9.842"/>
  <system-out/>
</testsuite> <!-- com.TCs.TC003 -->
