<?xml version="1.0" encoding="UTF-8"?>
<!-- Generated by org.testng.reporters.JUnitReportReporter -->
<testsuite hostname="LTIN318920" failures="0" tests="3" name="com.TCs.TC005" time="7.555" errors="0" timestamp="2022-05-25T18:12:41 IST" skipped="2">
  <testcase classname="com.TCs.TC005" name="verifyFrames" time="7.555"/>
  <system-out/>
  <testcase classname="com.TCs.TC005" name="verifyAlerts">
    <skipped/>
  </testcase> <!-- verifyAlerts -->
  <system-out/>
  <testcase classname="com.TCs.TC005" name="verifyBrowserWindows">
    <skipped/>
  </testcase> <!-- verifyBrowserWindows -->
  <system-out/>
</testsuite> <!-- com.TCs.TC005 -->
